Inspect Trace File C:\Users\andrei-samuel.blindu\Desktop\Project 1.4\Raytracing\project1.69.mpc
File Type: Impact File
File Version: EASE 4.0

CutOff Order = 4
CutOff Time = 100

Room = Theatre 1
Town = EASE Town
Engineer = tsc
Remark = 
Room Volume[m³] = 3223.92
Room Surface[m²] = 1623.356
Room Pressure[hPa] = 1013
Room Temperature[°C] = 20
Room Humidity[%] = 60

Loudspeaker = S1
Position[m] x = 0 y =-1.5 z = 3
Direction[°] h = 180 v = 0 r = 0
Speaker = SPHERE
Delay[ms] = 0
Freq[Hz]  Level[dB]  Phase[deg]
    100      52.00        0.00      
    125      52.00        0.00      
    160      54.00        0.00      
    200      56.00        0.00      
    250      58.00        0.00      
    315      59.00        0.00      
    400      60.00        0.00      
    500      61.00        0.00      
    630      58.67        0.00      
    800      56.33        0.00      
   1000      54.00        0.00      
   1250      52.67        0.00      
   1600      51.33        0.00      
   2000      50.00        0.00      
   2500      48.67        0.00      
   3150      47.33        0.00      
   4000      46.00        0.00      
   5000      44.33        0.00      
   6300      42.67        0.00      
   8000      41.00        0.00      
  10000      41.00        0.00      

Listener Seat 1
Position[m] x = 0 y = 18.5 z = 6.24
Direction[°] h = 0 v = 0 r = 0
Freq[Hz]  Decay[s]
    100      1.34 
    125      1.34 
    160      1.31 
    200      1.26 
    250      1.20 
    315      1.12 
    400      1.03 
    500      0.93 
    630      0.87 
    800      0.80 
   1000      0.71 
   1250      0.70 
   1600      0.69 
   2000      0.68 
   2500      0.72 
   3150      0.76 
   4000      0.78 
   5000      0.75 
   6300      0.70 
   8000      0.62 
  10000      0.53 

Rays = 137
================================
EASE 4.4 EaseRays on 11/29/2022 5:44:32 PM

Mirror Image Impact Computing Protocol
Project	Project1

Begin	Tuesday, November 29, 2022, 5:44:31 PM
End	Tuesday, November 29, 2022, 5:44:32 PM
Time [s]	 .5
	 1.Order:	 8 Impacts
	 2.Order:	 24 Impacts
	 3.Order:	 46 Impacts
	 4.Order:	 58 Impacts
	   Overall:	 136 Impacts
