Inspect Trace File C:\Users\andrei-samuel.blindu\Desktop\Project 1.4\Raytracing\project1.mpc
File Type: Impact File
File Version: EASE 4.0

CutOff Order = 4
CutOff Time = 100

Room = Theatre 1
Town = EASE Town
Engineer = tsc
Remark = 
Room Volume[m³] = 3223.92
Room Surface[m²] = 1623.356
Room Pressure[hPa] = 1013
Room Temperature[°C] = 20
Room Humidity[%] = 60

Loudspeaker = S1
Position[m] x = 0 y =-1.5 z = 3
Direction[°] h = 0 v = 0 r = 0
Speaker = SPHERE
Delay[ms] = 0
Freq[Hz]  Level[dB]  Phase[deg]
    100      96.78        0.00      
    125      96.78        0.00      
    160      96.78        0.00      
    200      96.78        0.00      
    250      96.78        0.00      
    315      96.78        0.00      
    400      96.78        0.00      
    500      96.78        0.00      
    630      96.78        0.00      
    800      96.78        0.00      
   1000      96.78        0.00      
   1250      96.78        0.00      
   1600      96.78        0.00      
   2000      96.78        0.00      
   2500      96.78        0.00      
   3150      96.78        0.00      
   4000      96.78        0.00      
   5000      96.78        0.00      
   6300      96.78        0.00      
   8000      96.78        0.00      
  10000      96.78        0.00      

Listener Seat 1
Position[m] x = 0 y = 18.5 z = 6.24
Direction[°] h = 0 v = 0 r = 0
Freq[Hz]  Decay[s]
    100      1.34 
    125      1.34 
    160      1.31 
    200      1.26 
    250      1.20 
    315      1.12 
    400      1.03 
    500      0.93 
    630      0.87 
    800      0.80 
   1000      0.71 
   1250      0.70 
   1600      0.69 
   2000      0.68 
   2500      0.72 
   3150      0.76 
   4000      0.78 
   5000      0.75 
   6300      0.70 
   8000      0.62 
  10000      0.53 

Listener Seat 2
Position[m] x =-6.2 y = 18.5 z = 6.24
Direction[°] h = 0 v = 0 r = 0
Freq[Hz]  Decay[s]
    100      1.38 
    125      1.38 
    160      1.35 
    200      1.32 
    250      1.26 
    315      1.19 
    400      1.10 
    500      1.00 
    630      0.94 
    800      0.86 
   1000      0.76 
   1250      0.76 
   1600      0.76 
   2000      0.75 
   2500      0.81 
   3150      0.85 
   4000      0.87 
   5000      0.83 
   6300      0.76 
   8000      0.68 
  10000      0.57 

Listener Seat 2*
Position[m] x = 6.2 y = 18.5 z = 6.24
Direction[°] h = 0 v = 0 r = 0
Freq[Hz]  Decay[s]
    100      1.38 
    125      1.38 
    160      1.35 
    200      1.32 
    250      1.26 
    315      1.19 
    400      1.10 
    500      1.00 
    630      0.94 
    800      0.86 
   1000      0.76 
   1250      0.76 
   1600      0.76 
   2000      0.75 
   2500      0.81 
   3150      0.85 
   4000      0.87 
   5000      0.83 
   6300      0.76 
   8000      0.68 
  10000      0.57 

Listener Seat 3
Position[m] x = 0 y = 10.25 z = 3.7
Direction[°] h = 0 v = 0 r = 0
Freq[Hz]  Decay[s]
    100      0.83 
    125      0.83 
    160      0.77 
    200      0.70 
    250      0.62 
    315      0.62 
    400      0.59 
    500      0.54 
    630      0.49 
    800      0.42 
   1000      0.34 
   1250      0.34 
   1600      0.33 
   2000      0.32 
   2500      0.34 
   3150      0.35 
   4000      0.36 
   5000      0.36 
   6300      0.34 
   8000      0.33 
  10000      0.30 

Listener Seat 4
Position[m] x = 0 y = 2 z = 1.2
Direction[°] h = 0 v = 0 r = 0
Freq[Hz]  Decay[s]
    100      0.43 
    125      0.42 
    160      0.38 
    200      0.33 
    250      0.27 
    315      0.32 
    400      0.35 
    500      0.37 
    630      0.31 
    800      0.25 
   1000      0.17 
   1250      0.17 
   1600      0.16 
   2000      0.15 
   2500      0.15 
   3150      0.15 
   4000      0.15 
   5000      0.15 
   6300      0.15 
   8000      0.14 
  10000      0.14 

Rays = 498
================================
EASE 4.4 EaseRays on 11/22/2022 5:40:20 PM

Mirror Image Impact Computing Protocol
Project	Project1

Begin	Tuesday, November 22, 2022, 5:40:18 PM
End	Tuesday, November 22, 2022, 5:40:20 PM
Time [s]	 2
	 1.Order:	 32 Impacts
	 2.Order:	 95 Impacts
	 3.Order:	 168 Impacts
	 4.Order:	 198 Impacts
	   Overall:	 493 Impacts
